0 info it worked if it ends with ok
1 verbose cli [ '/home/neo/.nvm/versions/node/v6.2.0/bin/node',
1 verbose cli   '/home/neo/.nvm/current/bin/npm',
1 verbose cli   'run',
1 verbose cli   'start' ]
2 info using npm@3.8.9
3 info using node@v6.2.0
4 verbose run-script [ 'prestart', 'start', 'poststart' ]
5 info lifecycle webpack-2.0-from-scratch@2.0.0~prestart: webpack-2.0-from-scratch@2.0.0
6 silly lifecycle webpack-2.0-from-scratch@2.0.0~prestart: no script for prestart, continuing
7 info lifecycle webpack-2.0-from-scratch@2.0.0~start: webpack-2.0-from-scratch@2.0.0
8 verbose lifecycle webpack-2.0-from-scratch@2.0.0~start: unsafe-perm in lifecycle true
9 verbose lifecycle webpack-2.0-from-scratch@2.0.0~start: PATH: /home/neo/.nvm/versions/node/v6.2.0/lib/node_modules/npm/bin/node-gyp-bin:/home/neo/repos/nasa-react-redux/node_modules/.bin:/home/neo/.nvm/versions/node/v6.2.0/bin:/home/neo/.rvm/gems/ruby-2.4.1/bin:/home/neo/.rvm/gems/ruby-2.4.1@global/bin:/home/neo/.rvm/rubies/ruby-2.4.1/bin:/home/neo/bin:/home/neo/.local/bin:/home/neo/bin:/home/neo/.local/bin:/home/neo/.nvm/current/bin:/opt/maven/bin:/usr/local/sbin:/usr/local/bin:/usr/sbin:/usr/bin:/sbin:/bin:/usr/lib/jvm/java-8/bin:/neo/apps/apache-maven/bin:/neo/apps/idea/latest/bin:/snap/bin:/usr/lib/jvm/java-8-oracle/bin:/usr/lib/jvm/java-8-oracle/db/bin:/usr/lib/jvm/java-8-oracle/jre/bin:/home/neo/repos/trio/trio/scripts:/home/neo/.rvm/bin:/home/neo/.rvm/bin
10 verbose lifecycle webpack-2.0-from-scratch@2.0.0~start: CWD: /home/neo/repos/nasa-react-redux
11 silly lifecycle webpack-2.0-from-scratch@2.0.0~start: Args: [ '-c',
11 silly lifecycle   'webpack --progress && webpack-dev-server -d --hot --config webpack.config.js --watch --progress' ]
12 silly lifecycle webpack-2.0-from-scratch@2.0.0~start: Returned: code: 2  signal: null
13 info lifecycle webpack-2.0-from-scratch@2.0.0~start: Failed to exec start script
14 verbose stack Error: webpack-2.0-from-scratch@2.0.0 start: `webpack --progress && webpack-dev-server -d --hot --config webpack.config.js --watch --progress`
14 verbose stack Exit status 2
14 verbose stack     at EventEmitter.<anonymous> (/home/neo/.nvm/versions/node/v6.2.0/lib/node_modules/npm/lib/utils/lifecycle.js:245:16)
14 verbose stack     at emitTwo (events.js:106:13)
14 verbose stack     at EventEmitter.emit (events.js:191:7)
14 verbose stack     at ChildProcess.<anonymous> (/home/neo/.nvm/versions/node/v6.2.0/lib/node_modules/npm/lib/utils/spawn.js:24:14)
14 verbose stack     at emitTwo (events.js:106:13)
14 verbose stack     at ChildProcess.emit (events.js:191:7)
14 verbose stack     at maybeClose (internal/child_process.js:850:16)
14 verbose stack     at Process.ChildProcess._handle.onexit (internal/child_process.js:215:5)
15 verbose pkgid webpack-2.0-from-scratch@2.0.0
16 verbose cwd /home/neo/repos/nasa-react-redux
17 error Linux 4.13.0-26-generic
18 error argv "/home/neo/.nvm/versions/node/v6.2.0/bin/node" "/home/neo/.nvm/current/bin/npm" "run" "start"
19 error node v6.2.0
20 error npm  v3.8.9
21 error code ELIFECYCLE
22 error webpack-2.0-from-scratch@2.0.0 start: `webpack --progress && webpack-dev-server -d --hot --config webpack.config.js --watch --progress`
22 error Exit status 2
23 error Failed at the webpack-2.0-from-scratch@2.0.0 start script 'webpack --progress && webpack-dev-server -d --hot --config webpack.config.js --watch --progress'.
23 error Make sure you have the latest version of node.js and npm installed.
23 error If you do, this is most likely a problem with the webpack-2.0-from-scratch package,
23 error not with npm itself.
23 error Tell the author that this fails on your system:
23 error     webpack --progress && webpack-dev-server -d --hot --config webpack.config.js --watch --progress
23 error You can get information on how to open an issue for this project with:
23 error     npm bugs webpack-2.0-from-scratch
23 error Or if that isn't available, you can get their info via:
23 error     npm owner ls webpack-2.0-from-scratch
23 error There is likely additional logging output above.
24 verbose exit [ 1, true ]
